Build started 12/1/2017 11:06:25 PM.
     1>Project "C:\Users\Arun\Documents\2016 S2\AGDEV\Assignment1_REDO\GitHub\NYP_Framework_SOLUTION\Base\Base.vcxproj" on node 2 (Build target(s)).
     1>ClCompile:
         C:\Program Files (x86)\Microsoft Visual Studio 12.0\VC\bin\CL.exe /c /I"C:\Users\Arun\Documents\2016 S2\AGDEV\Assignment1_REDO\GitHub\NYP_Framework_SOLUTION\/Common/Source" /I"C:\Users\Arun\Documents\2016 S2\AGDEV\Assignment1_REDO\GitHub\NYP_Framework_SOLUTION\/glew/include" /I"C:\Users\Arun\Documents\2016 S2\AGDEV\Assignment1_REDO\GitHub\NYP_Framework_SOLUTION\/glfw/include" /Zi /nologo /W3 /WX- /O2 /Oi /Oy- /GL /D _VARIADIC_MAX=10 /D WIN32 /D NDEBUG /D _CONSOLE /D _UNICODE /D UNICODE /Gm- /EHsc /MD /GS /Gy /fp:precise /Zc:wchar_t /Zc:forScope /Fo"Release\\" /Fd"Release\vc120.pdb" /Gd /TP /analyze- /errorReport:prompt Source\SceneText.cpp
         SceneText.cpp
     1>Source\SceneText.cpp(211): warning C4244: 'argument' : conversion from 'int' to 'float', possible loss of data
     1>Source\SceneText.cpp(215): warning C4244: 'argument' : conversion from 'int' to 'float', possible loss of data
     1>Source\SceneText.cpp(219): warning C4244: 'argument' : conversion from 'int' to 'float', possible loss of data
     1>Source\SceneText.cpp(223): warning C4244: 'argument' : conversion from 'int' to 'float', possible loss of data
     1>Source\SceneText.cpp(270): warning C4244: 'initializing' : conversion from 'int' to 'float', possible loss of data
     1>Source\SceneText.cpp(271): warning C4244: 'initializing' : conversion from 'int' to 'float', possible loss of data
     1>Source\SceneText.cpp(275): warning C4244: 'initializing' : conversion from 'int' to 'float', possible loss of data
     1>Source\SceneText.cpp(300): warning C4018: '<' : signed/unsigned mismatch
     1>Source\SceneText.cpp(305): warning C4244: '-=' : conversion from 'double' to 'float', possible loss of data
     1>Source\SceneText.cpp(315): warning C4018: '<' : signed/unsigned mismatch
     1>Source\SceneText.cpp(336): warning C4244: '-=' : conversion from 'double' to 'float', possible loss of data
     1>Source\SceneText.cpp(391): warning C4244: 'argument' : conversion from 'double' to 'float', possible loss of data
     1>Source\SceneText.cpp(393): warning C4244: 'argument' : conversion from 'double' to 'float', possible loss of data
     1>Source\SceneText.cpp(395): warning C4244: 'argument' : conversion from 'double' to 'float', possible loss of data
     1>Source\SceneText.cpp(397): warning C4244: 'argument' : conversion from 'double' to 'float', possible loss of data
       Link:
         C:\Program Files (x86)\Microsoft Visual Studio 12.0\VC\bin\link.exe /ERRORREPORT:PROMPT /OUT:"C:\Users\Arun\Documents\2016 S2\AGDEV\Assignment1_REDO\GitHub\NYP_Framework_SOLUTION\Release\Base.exe" /INCREMENTAL:NO /NOLOGO /LIBPATH:"C:\Users\Arun\Documents\2016 S2\AGDEV\Assignment1_REDO\GitHub\NYP_Framework_SOLUTION\Release" /LIBPATH:"C:\Users\Arun\Documents\2016 S2\AGDEV\Assignment1_REDO\GitHub\NYP_Framework_SOLUTION\/glfw/lib-msvc100" /LIBPATH:"C:\Users\Arun\Documents\2016 S2\AGDEV\Assignment1_REDO\GitHub\NYP_Framework_SOLUTION\/glew/lib" Common.lib winmm.lib opengl32.lib glu32.lib glew32.lib glfw3.lib kernel32.lib user32.lib gdi32.lib winspool.lib comdlg32.lib advapi32.lib shell32.lib ole32.lib oleaut32.lib uuid.lib odbc32.lib odbccp32.lib /MANIFEST /MANIFESTUAC:"level='asInvoker' uiAccess='false'" /manifest:embed /DEBUG /PDB:"C:\Users\Arun\Documents\2016 S2\AGDEV\Assignment1_REDO\GitHub\NYP_Framework_SOLUTION\Release\Base.pdb" /SUBSYSTEM:CONSOLE /OPT:REF /OPT:ICF /LTCG /TLBID:1 /DYNAMICBASE /NXCOMPAT /IMPLIB:"C:\Users\Arun\Documents\2016 S2\AGDEV\Assignment1_REDO\GitHub\NYP_Framework_SOLUTION\Release\Base.lib" /MACHINE:X86 /SAFESEH Release\Application.obj
         Release\Enemy.obj
         Release\EntityManager.obj
         Release\FPSCamera.obj
         Release\GenericEntity.obj
         Release\GroundEntity.obj
         Release\LevelOfDetails.obj
         Release\Light.obj
         Release\main.obj
         Release\Mortar.obj
         Release\MortarPart.obj
         Release\MortarSingleton.obj
         Release\OBJMesh.obj
         Release\PlayerInfo.obj
         Release\Grenade.obj
         Release\Laser.obj
         Release\Projectile.obj
         Release\SceneGraph.obj
         Release\SceneNode.obj
         Release\Transform.obj
         Release\UpdateTransformation.obj
         Release\SceneText.obj
         Release\SkyBoxEntity.obj
         Release\Grid.obj
         Release\SpatialPartition.obj
         Release\SpriteEntity.obj
         Release\TextEntity.obj
         Release\GrenadeThrow.obj
         Release\LaserBlaster.obj
         Release\Pistol.obj
         Release\WeaponInfo.obj
         Generating code
         Finished generating code
         Base.vcxproj -> C:\Users\Arun\Documents\2016 S2\AGDEV\Assignment1_REDO\GitHub\NYP_Framework_SOLUTION\Release\Base.exe
     1>Done Building Project "C:\Users\Arun\Documents\2016 S2\AGDEV\Assignment1_REDO\GitHub\NYP_Framework_SOLUTION\Base\Base.vcxproj" (Build target(s)).

Build succeeded.

Time Elapsed 00:00:05.97
