Build started 12/1/2017 11:06:08 PM.
     1>Project "C:\Users\Arun\Documents\2016 S2\AGDEV\Assignment1_REDO\GitHub\NYP_Framework_SOLUTION\Base\Base.vcxproj" on node 2 (Build target(s)).
     1>ClCompile:
         C:\Program Files (x86)\Microsoft Visual Studio 12.0\VC\bin\CL.exe /c /I"C:\Users\Arun\Documents\2016 S2\AGDEV\Assignment1_REDO\GitHub\NYP_Framework_SOLUTION\/Common/Source" /I"C:\Users\Arun\Documents\2016 S2\AGDEV\Assignment1_REDO\GitHub\NYP_Framework_SOLUTION\/glfw/include" /I"C:\Users\Arun\Documents\2016 S2\AGDEV\Assignment1_REDO\GitHub\NYP_Framework_SOLUTION\/glew/include" /ZI /nologo /W3 /WX- /Od /Oy- /D _VARIADIC_MAX=10 /D WIN32 /D _DEBUG /D _CONSOLE /D _MBCS /Gm /EHsc /RTC1 /MDd /GS /fp:precise /Zc:wchar_t /Zc:forScope /Fo"Debug\\" /Fd"Debug\vc120.pdb" /Gd /TP /analyze- /errorReport:prompt Source\SceneText.cpp
         SceneText.cpp
     1>c:\users\arun\documents\2016 s2\agdev\assignment1_redo\github\nyp_framework_solution\base\source\scenetext.cpp(211): warning C4244: 'argument' : conversion from 'int' to 'float', possible loss of data
     1>c:\users\arun\documents\2016 s2\agdev\assignment1_redo\github\nyp_framework_solution\base\source\scenetext.cpp(215): warning C4244: 'argument' : conversion from 'int' to 'float', possible loss of data
     1>c:\users\arun\documents\2016 s2\agdev\assignment1_redo\github\nyp_framework_solution\base\source\scenetext.cpp(219): warning C4244: 'argument' : conversion from 'int' to 'float', possible loss of data
     1>c:\users\arun\documents\2016 s2\agdev\assignment1_redo\github\nyp_framework_solution\base\source\scenetext.cpp(223): warning C4244: 'argument' : conversion from 'int' to 'float', possible loss of data
     1>c:\users\arun\documents\2016 s2\agdev\assignment1_redo\github\nyp_framework_solution\base\source\scenetext.cpp(270): warning C4244: 'initializing' : conversion from 'int' to 'float', possible loss of data
     1>c:\users\arun\documents\2016 s2\agdev\assignment1_redo\github\nyp_framework_solution\base\source\scenetext.cpp(271): warning C4244: 'initializing' : conversion from 'int' to 'float', possible loss of data
     1>c:\users\arun\documents\2016 s2\agdev\assignment1_redo\github\nyp_framework_solution\base\source\scenetext.cpp(275): warning C4244: 'initializing' : conversion from 'int' to 'float', possible loss of data
     1>c:\users\arun\documents\2016 s2\agdev\assignment1_redo\github\nyp_framework_solution\base\source\scenetext.cpp(300): warning C4018: '<' : signed/unsigned mismatch
     1>c:\users\arun\documents\2016 s2\agdev\assignment1_redo\github\nyp_framework_solution\base\source\scenetext.cpp(305): warning C4244: '-=' : conversion from 'double' to 'float', possible loss of data
     1>c:\users\arun\documents\2016 s2\agdev\assignment1_redo\github\nyp_framework_solution\base\source\scenetext.cpp(315): warning C4018: '<' : signed/unsigned mismatch
     1>c:\users\arun\documents\2016 s2\agdev\assignment1_redo\github\nyp_framework_solution\base\source\scenetext.cpp(336): warning C4244: '-=' : conversion from 'double' to 'float', possible loss of data
     1>c:\users\arun\documents\2016 s2\agdev\assignment1_redo\github\nyp_framework_solution\base\source\scenetext.cpp(391): warning C4244: 'argument' : conversion from 'double' to 'float', possible loss of data
     1>c:\users\arun\documents\2016 s2\agdev\assignment1_redo\github\nyp_framework_solution\base\source\scenetext.cpp(393): warning C4244: 'argument' : conversion from 'double' to 'float', possible loss of data
     1>c:\users\arun\documents\2016 s2\agdev\assignment1_redo\github\nyp_framework_solution\base\source\scenetext.cpp(395): warning C4244: 'argument' : conversion from 'double' to 'float', possible loss of data
     1>c:\users\arun\documents\2016 s2\agdev\assignment1_redo\github\nyp_framework_solution\base\source\scenetext.cpp(397): warning C4244: 'argument' : conversion from 'double' to 'float', possible loss of data
       Link:
         C:\Program Files (x86)\Microsoft Visual Studio 12.0\VC\bin\link.exe /ERRORREPORT:PROMPT /OUT:"C:\Users\Arun\Documents\2016 S2\AGDEV\Assignment1_REDO\GitHub\NYP_Framework_SOLUTION\Debug\Base.exe" /INCREMENTAL:NO /NOLOGO /LIBPATH:"C:\Users\Arun\Documents\2016 S2\AGDEV\Assignment1_REDO\GitHub\NYP_Framework_SOLUTION\Debug" /LIBPATH:"C:\Users\Arun\Documents\2016 S2\AGDEV\Assignment1_REDO\GitHub\NYP_Framework_SOLUTION\/glfw/lib-msvc100" /LIBPATH:"C:\Users\Arun\Documents\2016 S2\AGDEV\Assignment1_REDO\GitHub\NYP_Framework_SOLUTION\/glew/lib" Common.lib winmm.lib opengl32.lib glu32.lib glew32.lib glfw3.lib kernel32.lib user32.lib gdi32.lib winspool.lib comdlg32.lib advapi32.lib shell32.lib ole32.lib oleaut32.lib uuid.lib odbc32.lib odbccp32.lib /MANIFEST /MANIFESTUAC:"level='asInvoker' uiAccess='false'" /manifest:embed /DEBUG /PDB:"C:\Users\Arun\Documents\2016 S2\AGDEV\Assignment1_REDO\GitHub\NYP_Framework_SOLUTION\Debug\Base.pdb" /SUBSYSTEM:CONSOLE /TLBID:1 /DYNAMICBASE /NXCOMPAT /IMPLIB:"C:\Users\Arun\Documents\2016 S2\AGDEV\Assignment1_REDO\GitHub\NYP_Framework_SOLUTION\Debug\Base.lib" /MACHINE:X86 Debug\Application.obj
         Debug\Enemy.obj
         Debug\EntityManager.obj
         Debug\FPSCamera.obj
         Debug\GenericEntity.obj
         Debug\GroundEntity.obj
         Debug\LevelOfDetails.obj
         Debug\Light.obj
         Debug\main.obj
         Debug\Mortar.obj
         Debug\MortarPart.obj
         Debug\MortarSingleton.obj
         Debug\OBJMesh.obj
         Debug\PlayerInfo.obj
         Debug\Grenade.obj
         Debug\Laser.obj
         Debug\Projectile.obj
         Debug\SceneGraph.obj
         Debug\SceneNode.obj
         Debug\Transform.obj
         Debug\UpdateTransformation.obj
         Debug\SceneText.obj
         Debug\SkyBoxEntity.obj
         Debug\Grid.obj
         Debug\SpatialPartition.obj
         Debug\SpriteEntity.obj
         Debug\TextEntity.obj
         Debug\GrenadeThrow.obj
         Debug\LaserBlaster.obj
         Debug\Pistol.obj
         Debug\WeaponInfo.obj
     1>Application.obj : warning LNK4075: ignoring '/EDITANDCONTINUE' due to '/OPT:LBR' specification
     1>LINK : warning LNK4098: defaultlib 'MSVCRT' conflicts with use of other libs; use /NODEFAULTLIB:library
         Base.vcxproj -> C:\Users\Arun\Documents\2016 S2\AGDEV\Assignment1_REDO\GitHub\NYP_Framework_SOLUTION\Debug\Base.exe
     1>Done Building Project "C:\Users\Arun\Documents\2016 S2\AGDEV\Assignment1_REDO\GitHub\NYP_Framework_SOLUTION\Base\Base.vcxproj" (Build target(s)).

Build succeeded.

Time Elapsed 00:00:01.94
